[0m18:53:10.649252 [debug] [MainThread]: Sending event: {'category': 'dbt', 'action': 'invocation', 'label': 'start', 'context': [<snowplow_tracker.self_describing_json.SelfDescribingJson object at 0x0000013871797950>, <snowplow_tracker.self_describing_json.SelfDescribingJson object at 0x0000013871F0EC60>, <snowplow_tracker.self_describing_json.SelfDescribingJson object at 0x0000013871B46F00>]}


============================== 18:53:10.657779 | 9b831ad4-b8db-44f3-8e89-e3fc8200c0f2 ==============================
[0m18:53:10.657779 [info ] [MainThread]: Running with dbt=1.11.2
[0m18:53:10.658781 [debug] [MainThread]: running dbt with arguments {'version_check': 'True', 'no_print': 'None', 'static_parser': 'True', 'warn_error_options': 'WarnErrorOptionsV2(error=[], warn=[], silence=[])', 'target_path': 'None', 'printer_width': '80', 'write_json': 'True', 'empty': 'None', 'log_cache_events': 'False', 'introspect': 'True', 'cache_selected_only': 'False', 'fail_fast': 'False', 'debug': 'False', 'log_format': 'default', 'partial_parse': 'True', 'send_anonymous_usage_stats': 'True', 'quiet': 'False', 'warn_error': 'None', 'profiles_dir': 'C:\\Users\\junio\\.dbt', 'use_colors': 'True', 'invocation_command': 'dbt init', 'indirect_selection': 'eager', 'use_experimental_parser': 'False', 'log_path': 'logs'}
[0m18:53:10.681775 [info ] [MainThread]: Creating dbt configuration folder at C:\Users\junio\.dbt
[0m18:53:51.487347 [debug] [MainThread]: Starter project path: C:\Users\junio\OneDrive\Área de Trabalho\testeapp\.venv\Lib\site-packages\dbt\include\starter_project
[0m18:53:51.516000 [info ] [MainThread]: 
Your new dbt project "dbsalesaovivo" was created!

For more information on how to configure the profiles.yml file,
please consult the dbt documentation here:

  https://docs.getdbt.com/docs/configure-your-profile

One more thing:

Need help? Don't hesitate to reach out to us via GitHub issues or on Slack:

  https://community.getdbt.com/

Happy modeling!

[0m18:53:51.517003 [info ] [MainThread]: Setting up your profile.
[0m18:54:52.813546 [error] [MainThread]: Encountered an error:

[0m18:54:52.815544 [error] [MainThread]: Traceback (most recent call last):
  File "C:\Users\junio\OneDrive\Área de Trabalho\testeapp\.venv\Lib\site-packages\dbt\cli\requires.py", line 182, in wrapper
    result, success = func(*args, **kwargs)
                      ^^^^^^^^^^^^^^^^^^^^^
  File "C:\Users\junio\OneDrive\Área de Trabalho\testeapp\.venv\Lib\site-packages\dbt\cli\requires.py", line 128, in wrapper
    return func(*args, **kwargs)
           ^^^^^^^^^^^^^^^^^^^^^
  File "C:\Users\junio\OneDrive\Área de Trabalho\testeapp\.venv\Lib\site-packages\dbt\cli\main.py", line 483, in init
    results = task.run()
              ^^^^^^^^^^
  File "C:\Users\junio\OneDrive\Área de Trabalho\testeapp\.venv\Lib\site-packages\dbt\task\init.py", line 346, in run
    self.setup_profile(profile_name)
  File "C:\Users\junio\OneDrive\Área de Trabalho\testeapp\.venv\Lib\site-packages\dbt\task\init.py", line 262, in setup_profile
    self.create_profile_from_target(adapter, profile_name=profile_name)
  File "C:\Users\junio\OneDrive\Área de Trabalho\testeapp\.venv\Lib\site-packages\dbt\task\init.py", line 179, in create_profile_from_target
    self.create_profile_from_profile_template(profile_template, profile_name)
  File "C:\Users\junio\OneDrive\Área de Trabalho\testeapp\.venv\Lib\site-packages\dbt\task\init.py", line 163, in create_profile_from_profile_template
    target = self.generate_target_from_input(prompts, initial_target)
             ^^^^^^^^^^^^^^^^^^^^^^^^^^^^^^^^^^^^^^^^^^^^^^^^^^^^^^^^
  File "C:\Users\junio\OneDrive\Área de Trabalho\testeapp\.venv\Lib\site-packages\dbt\task\init.py", line 129, in generate_target_from_input
    target[key] = click.prompt(
                  ^^^^^^^^^^^^^
  File "C:\Users\junio\OneDrive\Área de Trabalho\testeapp\.venv\Lib\site-packages\click\termui.py", line 171, in prompt
    value = prompt_func(prompt)
            ^^^^^^^^^^^^^^^^^^^
  File "C:\Users\junio\OneDrive\Área de Trabalho\testeapp\.venv\Lib\site-packages\click\termui.py", line 154, in prompt_func
    raise Abort() from None
click.exceptions.Abort

[0m18:54:52.817544 [debug] [MainThread]: Command `dbt init` failed at 18:54:52.817544 after 102.31 seconds
[0m18:54:52.818545 [debug] [MainThread]: Sending event: {'category': 'dbt', 'action': 'invocation', 'label': 'end', 'context': [<snowplow_tracker.self_describing_json.SelfDescribingJson object at 0x00000138720DFAA0>, <snowplow_tracker.self_describing_json.SelfDescribingJson object at 0x0000013873866780>, <snowplow_tracker.self_describing_json.SelfDescribingJson object at 0x00000138739307D0>]}
[0m18:54:52.818545 [debug] [MainThread]: Flushing usage events
[0m18:54:54.073848 [debug] [MainThread]: An error was encountered while trying to flush usage events
[0m18:54:58.465448 [debug] [MainThread]: Sending event: {'category': 'dbt', 'action': 'invocation', 'label': 'start', 'context': [<snowplow_tracker.self_describing_json.SelfDescribingJson object at 0x0000013FBF1F3920>, <snowplow_tracker.self_describing_json.SelfDescribingJson object at 0x0000013FBF1D7D40>, <snowplow_tracker.self_describing_json.SelfDescribingJson object at 0x0000013FBF4D62A0>]}


============================== 18:54:58.470953 | 80a90e87-892a-4382-9bfb-395fd7bb6ff6 ==============================
[0m18:54:58.470953 [info ] [MainThread]: Running with dbt=1.11.2
[0m18:54:58.471961 [debug] [MainThread]: running dbt with arguments {'static_parser': 'True', 'no_print': 'None', 'version_check': 'True', 'warn_error_options': 'WarnErrorOptionsV2(error=[], warn=[], silence=[])', 'target_path': 'None', 'printer_width': '80', 'write_json': 'True', 'empty': 'None', 'log_cache_events': 'False', 'introspect': 'True', 'cache_selected_only': 'False', 'fail_fast': 'False', 'debug': 'False', 'log_format': 'default', 'partial_parse': 'True', 'send_anonymous_usage_stats': 'True', 'quiet': 'False', 'warn_error': 'None', 'profiles_dir': 'C:\\Users\\junio\\.dbt', 'use_colors': 'True', 'invocation_command': 'dbt init', 'indirect_selection': 'eager', 'use_experimental_parser': 'False', 'log_path': 'logs'}
[0m18:55:33.704797 [debug] [MainThread]: Starter project path: C:\Users\junio\OneDrive\Área de Trabalho\testeapp\.venv\Lib\site-packages\dbt\include\starter_project
[0m18:55:33.721406 [info ] [MainThread]: 
Your new dbt project "dwmarketcap" was created!

For more information on how to configure the profiles.yml file,
please consult the dbt documentation here:

  https://docs.getdbt.com/docs/configure-your-profile

One more thing:

Need help? Don't hesitate to reach out to us via GitHub issues or on Slack:

  https://community.getdbt.com/

Happy modeling!

[0m18:55:33.722404 [info ] [MainThread]: Setting up your profile.
[0m18:56:39.530109 [info ] [MainThread]: Profile dwmarketcap written to C:\Users\junio\.dbt\profiles.yml using target's profile_template.yml and your supplied values. Run 'dbt debug' to validate the connection.
[0m18:56:39.532117 [debug] [MainThread]: Command `dbt init` succeeded at 18:56:39.532117 after 101.19 seconds
[0m18:56:39.532117 [debug] [MainThread]: Sending event: {'category': 'dbt', 'action': 'invocation', 'label': 'end', 'context': [<snowplow_tracker.self_describing_json.SelfDescribingJson object at 0x0000013FBF310F20>, <snowplow_tracker.self_describing_json.SelfDescribingJson object at 0x0000013FBF7C7440>, <snowplow_tracker.self_describing_json.SelfDescribingJson object at 0x0000013FBFD366F0>]}
[0m18:56:39.532117 [debug] [MainThread]: Flushing usage events
[0m18:56:40.465868 [debug] [MainThread]: An error was encountered while trying to flush usage events
[0m20:23:00.292402 [debug] [MainThread]: Sending event: {'category': 'dbt', 'action': 'invocation', 'label': 'start', 'context': [<snowplow_tracker.self_describing_json.SelfDescribingJson object at 0x0000022FDE5C34D0>, <snowplow_tracker.self_describing_json.SelfDescribingJson object at 0x0000022FDE431940>, <snowplow_tracker.self_describing_json.SelfDescribingJson object at 0x0000022FDE3DE270>]}


============================== 20:23:00.299554 | c69ec075-9f97-40a5-9b84-7eba8582c16c ==============================
[0m20:23:00.299554 [info ] [MainThread]: Running with dbt=1.11.2
[0m20:23:00.300555 [debug] [MainThread]: running dbt with arguments {'version_check': 'True', 'no_print': 'None', 'static_parser': 'True', 'target_path': 'None', 'warn_error_options': 'WarnErrorOptionsV2(error=[], warn=[], silence=[])', 'printer_width': '80', 'write_json': 'True', 'introspect': 'True', 'log_cache_events': 'False', 'empty': 'None', 'cache_selected_only': 'False', 'fail_fast': 'False', 'debug': 'False', 'log_format': 'default', 'partial_parse': 'True', 'send_anonymous_usage_stats': 'True', 'quiet': 'False', 'warn_error': 'None', 'profiles_dir': 'C:\\Users\\junio\\.dbt', 'invocation_command': 'dbt docs generate', 'indirect_selection': 'eager', 'use_colors': 'True', 'use_experimental_parser': 'False', 'log_path': 'logs'}
[0m20:23:00.300555 [error] [MainThread]: Encountered an error:
Runtime Error
  No dbt_project.yml found at expected path C:\Users\junio\OneDrive\Área de Trabalho\testeapp\dbt_project.yml
  Verify that each entry within packages.yml (and their transitive dependencies) contains a file named dbt_project.yml
  
[0m20:23:00.301555 [debug] [MainThread]: Command `dbt docs generate` failed at 20:23:00.301555 after 0.14 seconds
[0m20:23:00.302557 [debug] [MainThread]: Sending event: {'category': 'dbt', 'action': 'invocation', 'label': 'end', 'context': [<snowplow_tracker.self_describing_json.SelfDescribingJson object at 0x0000022FDE606AE0>, <snowplow_tracker.self_describing_json.SelfDescribingJson object at 0x0000022FDE448BF0>, <snowplow_tracker.self_describing_json.SelfDescribingJson object at 0x0000022FDEABC7D0>]}
[0m20:23:00.302557 [debug] [MainThread]: Flushing usage events
[0m20:23:01.249629 [debug] [MainThread]: An error was encountered while trying to flush usage events
